2025-09-28 18:13:35 | ERROR    | api.example:test_standard_response:43 - Error 500: Ha ocurrido un error inesperado en el servidor: division by zero
Traceback (most recent call last):

  File "/opt/pycharm-community-2025.1.1.1/plugins/python-ce/helpers/pydev/_pydev_bundle/pydev_monkey.py", line 862, in __call__
    ret = self.original_func(*self.args, **self.kwargs)
          │    │              │    │       │    └ {}
          │    │              │    │       └ <_pydev_bundle.pydev_monkey._NewThreadStartupWithTrace object at 0x7f9fcec192d0>
          │    │              │    └ ()
          │    │              └ <_pydev_bundle.pydev_monkey._NewThreadStartupWithTrace object at 0x7f9fcec192d0>
          │    └ <bound method Thread._bootstrap of <WorkerThread(AnyIO worker thread, started 140324309677760)>>
          └ <_pydev_bundle.pydev_monkey._NewThreadStartupWithTrace object at 0x7f9fcec192d0>

  File "/usr/lib64/python3.11/threading.py", line 1002, in _bootstrap
    self._bootstrap_inner()
    │    └ <function Thread._bootstrap_inner at 0x7f9fd6ba98a0>
    └ <WorkerThread(AnyIO worker thread, started 140324309677760)>
  File "/usr/lib64/python3.11/threading.py", line 1045, in _bootstrap_inner
    self.run()
    │    └ <function WorkerThread.run at 0x7f9fcebbef20>
    └ <WorkerThread(AnyIO worker thread, started 140324309677760)>
  File "/home/cristhiand/Documentos/universidad/Integrador 1/Proyecto_Backent/.venv/lib/python3.11/site-packages/anyio/_backends/_asyncio.py", line 976, in run
    result = context.run(func, *args)
             │       │   │      └ ()
             │       │   └ functools.partial(<function test_standard_response at 0x7f9fcf198fe0>, case='server_error')
             │       └ <method 'run' of '_contextvars.Context' objects>
             └ <_contextvars.Context object at 0x7f9fcec19c80>

> File "/home/cristhiand/Documentos/universidad/Integrador 1/Proyecto_Backent/api/example.py", line 29, in test_standard_response
    result = 1 / 0

ZeroDivisionError: division by zero
2025-09-28 19:01:27 | ERROR    | modules.empresa.router:create_empresa:21 - Error 500: Object of type Empresa is not JSON serializable
Traceback (most recent call last):

  File "/usr/lib64/python3.11/threading.py", line 1002, in _bootstrap
    self._bootstrap_inner()
    │    └ <function Thread._bootstrap_inner at 0x7f5c56d440e0>
    └ <WorkerThread(AnyIO worker thread, started 140034388784832)>
  File "/usr/lib64/python3.11/threading.py", line 1045, in _bootstrap_inner
    self.run()
    │    └ <function WorkerThread.run at 0x7f5c533687c0>
    └ <WorkerThread(AnyIO worker thread, started 140034388784832)>
  File "/home/cristhiand/Documentos/universidad/Integrador 1/Proyecto_Backent/.venv/lib/python3.11/site-packages/anyio/_backends/_asyncio.py", line 976, in run
    result = context.run(func, *args)
             │       │   │      └ ()
             │       │   └ functools.partial(<function create_empresa at 0x7f5c546c2340>, db=<sqlalchemy.orm.session.Session object at 0x7f5c5331f3d0>, ...
             │       └ <method 'run' of '_contextvars.Context' objects>
             └ <_contextvars.Context object at 0x7f5c5331d5c0>

> File "/home/cristhiand/Documentos/universidad/Integrador 1/Proyecto_Backent/modules/empresa/router.py", line 15, in create_empresa
    return api_response_ok(data=new_empresa)
           │                    └ <modules.empresa.model.Empresa object at 0x7f5c53383590>
           └ <function api_response_ok at 0x7f5c546c23e0>

  File "/home/cristhiand/Documentos/universidad/Integrador 1/Proyecto_Backent/utils/standard_responses.py", line 18, in api_response_ok
    return JSONResponse(status_code=200, content=response_body)
           │                                     └ {'data': <modules.empresa.model.Empresa object at 0x7f5c53383590>, 'success': True, 'code': 200}
           └ <class 'starlette.responses.JSONResponse'>

  File "/home/cristhiand/Documentos/universidad/Integrador 1/Proyecto_Backent/.venv/lib/python3.11/site-packages/starlette/responses.py", line 190, in __init__
    super().__init__(content, status_code, headers, media_type, background)
                     │        │            │        │           └ None
                     │        │            │        └ None
                     │        │            └ None
                     │        └ 200
                     └ {'data': <modules.empresa.model.Empresa object at 0x7f5c53383590>, 'success': True, 'code': 200}
  File "/home/cristhiand/Documentos/universidad/Integrador 1/Proyecto_Backent/.venv/lib/python3.11/site-packages/starlette/responses.py", line 47, in __init__
    self.body = self.render(content)
    │           │    │      └ {'data': <modules.empresa.model.Empresa object at 0x7f5c53383590>, 'success': True, 'code': 200}
    │           │    └ <function JSONResponse.render at 0x7f5c55f8ae80>
    │           └ <starlette.responses.JSONResponse object at 0x7f5c546e5010>
    └ <starlette.responses.JSONResponse object at 0x7f5c546e5010>
  File "/home/cristhiand/Documentos/universidad/Integrador 1/Proyecto_Backent/.venv/lib/python3.11/site-packages/starlette/responses.py", line 193, in render
    return json.dumps(
           │    └ <function dumps at 0x7f5c5754a660>
           └ <module 'json' from '/usr/lib64/python3.11/json/__init__.py'>
  File "/usr/lib64/python3.11/json/__init__.py", line 238, in dumps
    **kw).encode(obj)
      │          └ {'data': <modules.empresa.model.Empresa object at 0x7f5c53383590>, 'success': True, 'code': 200}
      └ {}
  File "/usr/lib64/python3.11/json/encoder.py", line 200, in encode
    chunks = self.iterencode(o, _one_shot=True)
             │    │          └ {'data': <modules.empresa.model.Empresa object at 0x7f5c53383590>, 'success': True, 'code': 200}
             │    └ <function JSONEncoder.iterencode at 0x7f5c5754aca0>
             └ <json.encoder.JSONEncoder object at 0x7f5c546c9c10>
  File "/usr/lib64/python3.11/json/encoder.py", line 258, in iterencode
    return _iterencode(o, 0)
           │           └ {'data': <modules.empresa.model.Empresa object at 0x7f5c53383590>, 'success': True, 'code': 200}
           └ <_json.Encoder object at 0x7f5c52f8b640>
  File "/usr/lib64/python3.11/json/encoder.py", line 180, in default
    raise TypeError(f'Object of type {o.__class__.__name__} '

TypeError: Object of type Empresa is not JSON serializable
2025-09-28 19:04:38 | ERROR    | modules.empresa.router:create_empresa:21 - Error 500: Object of type Empresa is not JSON serializable
Traceback (most recent call last):

  File "/usr/lib64/python3.11/threading.py", line 1002, in _bootstrap
    self._bootstrap_inner()
    │    └ <function Thread._bootstrap_inner at 0x7f5c56d440e0>
    └ <WorkerThread(AnyIO worker thread, started 140034388784832)>
  File "/usr/lib64/python3.11/threading.py", line 1045, in _bootstrap_inner
    self.run()
    │    └ <function WorkerThread.run at 0x7f5c533687c0>
    └ <WorkerThread(AnyIO worker thread, started 140034388784832)>
  File "/home/cristhiand/Documentos/universidad/Integrador 1/Proyecto_Backent/.venv/lib/python3.11/site-packages/anyio/_backends/_asyncio.py", line 976, in run
    result = context.run(func, *args)
             │       │   │      └ ()
             │       │   └ functools.partial(<function create_empresa at 0x7f5c546c2340>, db=<sqlalchemy.orm.session.Session object at 0x7f5c53397690>, ...
             │       └ <method 'run' of '_contextvars.Context' objects>
             └ <_contextvars.Context object at 0x7f5c5331d600>

> File "/home/cristhiand/Documentos/universidad/Integrador 1/Proyecto_Backent/modules/empresa/router.py", line 15, in create_empresa
    return api_response_ok(data=new_empresa)
           │                    └ <modules.empresa.model.Empresa object at 0x7f5c53b6aed0>
           └ <function api_response_ok at 0x7f5c546c23e0>

  File "/home/cristhiand/Documentos/universidad/Integrador 1/Proyecto_Backent/utils/standard_responses.py", line 18, in api_response_ok
    return JSONResponse(status_code=200, content=response_body)
           │                                     └ {'data': <modules.empresa.model.Empresa object at 0x7f5c53b6aed0>, 'success': True, 'code': 200}
           └ <class 'starlette.responses.JSONResponse'>

  File "/home/cristhiand/Documentos/universidad/Integrador 1/Proyecto_Backent/.venv/lib/python3.11/site-packages/starlette/responses.py", line 190, in __init__
    super().__init__(content, status_code, headers, media_type, background)
                     │        │            │        │           └ None
                     │        │            │        └ None
                     │        │            └ None
                     │        └ 200
                     └ {'data': <modules.empresa.model.Empresa object at 0x7f5c53b6aed0>, 'success': True, 'code': 200}
  File "/home/cristhiand/Documentos/universidad/Integrador 1/Proyecto_Backent/.venv/lib/python3.11/site-packages/starlette/responses.py", line 47, in __init__
    self.body = self.render(content)
    │           │    │      └ {'data': <modules.empresa.model.Empresa object at 0x7f5c53b6aed0>, 'success': True, 'code': 200}
    │           │    └ <function JSONResponse.render at 0x7f5c55f8ae80>
    │           └ <starlette.responses.JSONResponse object at 0x7f5c5331d550>
    └ <starlette.responses.JSONResponse object at 0x7f5c5331d550>
  File "/home/cristhiand/Documentos/universidad/Integrador 1/Proyecto_Backent/.venv/lib/python3.11/site-packages/starlette/responses.py", line 193, in render
    return json.dumps(
           │    └ <function dumps at 0x7f5c5754a660>
           └ <module 'json' from '/usr/lib64/python3.11/json/__init__.py'>
  File "/usr/lib64/python3.11/json/__init__.py", line 238, in dumps
    **kw).encode(obj)
      │          └ {'data': <modules.empresa.model.Empresa object at 0x7f5c53b6aed0>, 'success': True, 'code': 200}
      └ {}
  File "/usr/lib64/python3.11/json/encoder.py", line 200, in encode
    chunks = self.iterencode(o, _one_shot=True)
             │    │          └ {'data': <modules.empresa.model.Empresa object at 0x7f5c53b6aed0>, 'success': True, 'code': 200}
             │    └ <function JSONEncoder.iterencode at 0x7f5c5754aca0>
             └ <json.encoder.JSONEncoder object at 0x7f5c52fc9850>
  File "/usr/lib64/python3.11/json/encoder.py", line 258, in iterencode
    return _iterencode(o, 0)
           │           └ {'data': <modules.empresa.model.Empresa object at 0x7f5c53b6aed0>, 'success': True, 'code': 200}
           └ <_json.Encoder object at 0x7f5c52fac640>
  File "/usr/lib64/python3.11/json/encoder.py", line 180, in default
    raise TypeError(f'Object of type {o.__class__.__name__} '

TypeError: Object of type Empresa is not JSON serializable
2025-09-28 19:06:00 | ERROR    | modules.empresa.router:read_empresas:29 - Error 500: Object of type Empresa is not JSON serializable
Traceback (most recent call last):

  File "/usr/lib64/python3.11/threading.py", line 1002, in _bootstrap
    self._bootstrap_inner()
    │    └ <function Thread._bootstrap_inner at 0x7f5c56d440e0>
    └ <WorkerThread(AnyIO worker thread, started 140034388784832)>
  File "/usr/lib64/python3.11/threading.py", line 1045, in _bootstrap_inner
    self.run()
    │    └ <function WorkerThread.run at 0x7f5c533687c0>
    └ <WorkerThread(AnyIO worker thread, started 140034388784832)>
  File "/home/cristhiand/Documentos/universidad/Integrador 1/Proyecto_Backent/.venv/lib/python3.11/site-packages/anyio/_backends/_asyncio.py", line 976, in run
    result = context.run(func, *args)
             │       │   │      └ ()
             │       │   └ functools.partial(<function read_empresas at 0x7f5c546c2840>, db=<sqlalchemy.orm.session.Session object at 0x7f5c52fc97d0>, s...
             │       └ <method 'run' of '_contextvars.Context' objects>
             └ <_contextvars.Context object at 0x7f5c5331f6c0>

> File "/home/cristhiand/Documentos/universidad/Integrador 1/Proyecto_Backent/modules/empresa/router.py", line 27, in read_empresas
    return api_response_ok(data=empresas)
           │                    └ [<modules.empresa.model.Empresa object at 0x7f5c55ca6410>]
           └ <function api_response_ok at 0x7f5c546c23e0>

  File "/home/cristhiand/Documentos/universidad/Integrador 1/Proyecto_Backent/utils/standard_responses.py", line 18, in api_response_ok
    return JSONResponse(status_code=200, content=response_body)
           │                                     └ {'data': [<modules.empresa.model.Empresa object at 0x7f5c55ca6410>], 'success': True, 'code': 200}
           └ <class 'starlette.responses.JSONResponse'>

  File "/home/cristhiand/Documentos/universidad/Integrador 1/Proyecto_Backent/.venv/lib/python3.11/site-packages/starlette/responses.py", line 190, in __init__
    super().__init__(content, status_code, headers, media_type, background)
                     │        │            │        │           └ None
                     │        │            │        └ None
                     │        │            └ None
                     │        └ 200
                     └ {'data': [<modules.empresa.model.Empresa object at 0x7f5c55ca6410>], 'success': True, 'code': 200}
  File "/home/cristhiand/Documentos/universidad/Integrador 1/Proyecto_Backent/.venv/lib/python3.11/site-packages/starlette/responses.py", line 47, in __init__
    self.body = self.render(content)
    │           │    │      └ {'data': [<modules.empresa.model.Empresa object at 0x7f5c55ca6410>], 'success': True, 'code': 200}
    │           │    └ <function JSONResponse.render at 0x7f5c55f8ae80>
    │           └ <starlette.responses.JSONResponse object at 0x7f5c53380c10>
    └ <starlette.responses.JSONResponse object at 0x7f5c53380c10>
  File "/home/cristhiand/Documentos/universidad/Integrador 1/Proyecto_Backent/.venv/lib/python3.11/site-packages/starlette/responses.py", line 193, in render
    return json.dumps(
           │    └ <function dumps at 0x7f5c5754a660>
           └ <module 'json' from '/usr/lib64/python3.11/json/__init__.py'>
  File "/usr/lib64/python3.11/json/__init__.py", line 238, in dumps
    **kw).encode(obj)
      │          └ {'data': [<modules.empresa.model.Empresa object at 0x7f5c55ca6410>], 'success': True, 'code': 200}
      └ {}
  File "/usr/lib64/python3.11/json/encoder.py", line 200, in encode
    chunks = self.iterencode(o, _one_shot=True)
             │    │          └ {'data': [<modules.empresa.model.Empresa object at 0x7f5c55ca6410>], 'success': True, 'code': 200}
             │    └ <function JSONEncoder.iterencode at 0x7f5c5754aca0>
             └ <json.encoder.JSONEncoder object at 0x7f5c533768d0>
  File "/usr/lib64/python3.11/json/encoder.py", line 258, in iterencode
    return _iterencode(o, 0)
           │           └ {'data': [<modules.empresa.model.Empresa object at 0x7f5c55ca6410>], 'success': True, 'code': 200}
           └ <_json.Encoder object at 0x7f5c52b3be20>
  File "/usr/lib64/python3.11/json/encoder.py", line 180, in default
    raise TypeError(f'Object of type {o.__class__.__name__} '

TypeError: Object of type Empresa is not JSON serializable
2025-09-28 19:15:34 | ERROR    | modules.empresa.router:read_empresas:29 - Error 500: Object of type Empresa is not JSON serializable
Traceback (most recent call last):

  File "/usr/lib64/python3.11/threading.py", line 1002, in _bootstrap
    self._bootstrap_inner()
    │    └ <function Thread._bootstrap_inner at 0x7f5c56d440e0>
    └ <WorkerThread(AnyIO worker thread, started 140034388784832)>
  File "/usr/lib64/python3.11/threading.py", line 1045, in _bootstrap_inner
    self.run()
    │    └ <function WorkerThread.run at 0x7f5c533687c0>
    └ <WorkerThread(AnyIO worker thread, started 140034388784832)>
  File "/home/cristhiand/Documentos/universidad/Integrador 1/Proyecto_Backent/.venv/lib/python3.11/site-packages/anyio/_backends/_asyncio.py", line 976, in run
    result = context.run(func, *args)
             │       │   │      └ ()
             │       │   └ functools.partial(<function read_empresas at 0x7f5c546c2840>, db=<sqlalchemy.orm.session.Session object at 0x7f5c52fc9790>, s...
             │       └ <method 'run' of '_contextvars.Context' objects>
             └ <_contextvars.Context object at 0x7f5c5331f300>

> File "/home/cristhiand/Documentos/universidad/Integrador 1/Proyecto_Backent/modules/empresa/router.py", line 27, in read_empresas
    return api_response_ok(data=empresas)
           │                    └ [<modules.empresa.model.Empresa object at 0x7f5c52b4d350>]
           └ <function api_response_ok at 0x7f5c546c23e0>

  File "/home/cristhiand/Documentos/universidad/Integrador 1/Proyecto_Backent/utils/standard_responses.py", line 18, in api_response_ok
    return JSONResponse(status_code=200, content=response_body)
           │                                     └ {'data': [<modules.empresa.model.Empresa object at 0x7f5c52b4d350>], 'success': True, 'code': 200}
           └ <class 'starlette.responses.JSONResponse'>

  File "/home/cristhiand/Documentos/universidad/Integrador 1/Proyecto_Backent/.venv/lib/python3.11/site-packages/starlette/responses.py", line 190, in __init__
    super().__init__(content, status_code, headers, media_type, background)
                     │        │            │        │           └ None
                     │        │            │        └ None
                     │        │            └ None
                     │        └ 200
                     └ {'data': [<modules.empresa.model.Empresa object at 0x7f5c52b4d350>], 'success': True, 'code': 200}
  File "/home/cristhiand/Documentos/universidad/Integrador 1/Proyecto_Backent/.venv/lib/python3.11/site-packages/starlette/responses.py", line 47, in __init__
    self.body = self.render(content)
    │           │    │      └ {'data': [<modules.empresa.model.Empresa object at 0x7f5c52b4d350>], 'success': True, 'code': 200}
    │           │    └ <function JSONResponse.render at 0x7f5c55f8ae80>
    │           └ <starlette.responses.JSONResponse object at 0x7f5c53377e10>
    └ <starlette.responses.JSONResponse object at 0x7f5c53377e10>
  File "/home/cristhiand/Documentos/universidad/Integrador 1/Proyecto_Backent/.venv/lib/python3.11/site-packages/starlette/responses.py", line 193, in render
    return json.dumps(
           │    └ <function dumps at 0x7f5c5754a660>
           └ <module 'json' from '/usr/lib64/python3.11/json/__init__.py'>
  File "/usr/lib64/python3.11/json/__init__.py", line 238, in dumps
    **kw).encode(obj)
      │          └ {'data': [<modules.empresa.model.Empresa object at 0x7f5c52b4d350>], 'success': True, 'code': 200}
      └ {}
  File "/usr/lib64/python3.11/json/encoder.py", line 200, in encode
    chunks = self.iterencode(o, _one_shot=True)
             │    │          └ {'data': [<modules.empresa.model.Empresa object at 0x7f5c52b4d350>], 'success': True, 'code': 200}
             │    └ <function JSONEncoder.iterencode at 0x7f5c5754aca0>
             └ <json.encoder.JSONEncoder object at 0x7f5c52b48110>
  File "/usr/lib64/python3.11/json/encoder.py", line 258, in iterencode
    return _iterencode(o, 0)
           │           └ {'data': [<modules.empresa.model.Empresa object at 0x7f5c52b4d350>], 'success': True, 'code': 200}
           └ <_json.Encoder object at 0x7f5c52b3ba00>
  File "/usr/lib64/python3.11/json/encoder.py", line 180, in default
    raise TypeError(f'Object of type {o.__class__.__name__} '

TypeError: Object of type Empresa is not JSON serializable
2025-09-28 19:15:36 | ERROR    | modules.empresa.router:read_empresas:29 - Error 500: Object of type Empresa is not JSON serializable
Traceback (most recent call last):

  File "/usr/lib64/python3.11/threading.py", line 1002, in _bootstrap
    self._bootstrap_inner()
    │    └ <function Thread._bootstrap_inner at 0x7f5c56d440e0>
    └ <WorkerThread(AnyIO worker thread, started 140034388784832)>
  File "/usr/lib64/python3.11/threading.py", line 1045, in _bootstrap_inner
    self.run()
    │    └ <function WorkerThread.run at 0x7f5c533687c0>
    └ <WorkerThread(AnyIO worker thread, started 140034388784832)>
  File "/home/cristhiand/Documentos/universidad/Integrador 1/Proyecto_Backent/.venv/lib/python3.11/site-packages/anyio/_backends/_asyncio.py", line 976, in run
    result = context.run(func, *args)
             │       │   │      └ ()
             │       │   └ functools.partial(<function read_empresas at 0x7f5c546c2840>, db=<sqlalchemy.orm.session.Session object at 0x7f5c52b45f90>, s...
             │       └ <method 'run' of '_contextvars.Context' objects>
             └ <_contextvars.Context object at 0x7f5c5331f6c0>

> File "/home/cristhiand/Documentos/universidad/Integrador 1/Proyecto_Backent/modules/empresa/router.py", line 27, in read_empresas
    return api_response_ok(data=empresas)
           │                    └ [<modules.empresa.model.Empresa object at 0x7f5c52b4f350>]
           └ <function api_response_ok at 0x7f5c546c23e0>

  File "/home/cristhiand/Documentos/universidad/Integrador 1/Proyecto_Backent/utils/standard_responses.py", line 18, in api_response_ok
    return JSONResponse(status_code=200, content=response_body)
           │                                     └ {'data': [<modules.empresa.model.Empresa object at 0x7f5c52b4f350>], 'success': True, 'code': 200}
           └ <class 'starlette.responses.JSONResponse'>

  File "/home/cristhiand/Documentos/universidad/Integrador 1/Proyecto_Backent/.venv/lib/python3.11/site-packages/starlette/responses.py", line 190, in __init__
    super().__init__(content, status_code, headers, media_type, background)
                     │        │            │        │           └ None
                     │        │            │        └ None
                     │        │            └ None
                     │        └ 200
                     └ {'data': [<modules.empresa.model.Empresa object at 0x7f5c52b4f350>], 'success': True, 'code': 200}
  File "/home/cristhiand/Documentos/universidad/Integrador 1/Proyecto_Backent/.venv/lib/python3.11/site-packages/starlette/responses.py", line 47, in __init__
    self.body = self.render(content)
    │           │    │      └ {'data': [<modules.empresa.model.Empresa object at 0x7f5c52b4f350>], 'success': True, 'code': 200}
    │           │    └ <function JSONResponse.render at 0x7f5c55f8ae80>
    │           └ <starlette.responses.JSONResponse object at 0x7f5c52b457d0>
    └ <starlette.responses.JSONResponse object at 0x7f5c52b457d0>
  File "/home/cristhiand/Documentos/universidad/Integrador 1/Proyecto_Backent/.venv/lib/python3.11/site-packages/starlette/responses.py", line 193, in render
    return json.dumps(
           │    └ <function dumps at 0x7f5c5754a660>
           └ <module 'json' from '/usr/lib64/python3.11/json/__init__.py'>
  File "/usr/lib64/python3.11/json/__init__.py", line 238, in dumps
    **kw).encode(obj)
      │          └ {'data': [<modules.empresa.model.Empresa object at 0x7f5c52b4f350>], 'success': True, 'code': 200}
      └ {}
  File "/usr/lib64/python3.11/json/encoder.py", line 200, in encode
    chunks = self.iterencode(o, _one_shot=True)
             │    │          └ {'data': [<modules.empresa.model.Empresa object at 0x7f5c52b4f350>], 'success': True, 'code': 200}
             │    └ <function JSONEncoder.iterencode at 0x7f5c5754aca0>
             └ <json.encoder.JSONEncoder object at 0x7f5c52fc9b10>
  File "/usr/lib64/python3.11/json/encoder.py", line 258, in iterencode
    return _iterencode(o, 0)
           │           └ {'data': [<modules.empresa.model.Empresa object at 0x7f5c52b4f350>], 'success': True, 'code': 200}
           └ <_json.Encoder object at 0x7f5c52b506a0>
  File "/usr/lib64/python3.11/json/encoder.py", line 180, in default
    raise TypeError(f'Object of type {o.__class__.__name__} '

TypeError: Object of type Empresa is not JSON serializable
2025-09-28 21:42:41 | ERROR    | modules.empresa.router:read_empresa:45 - Error 500: Column expression, FROM clause, or other columns clause element expected, got <class 'modules.empresa.schemas.Empresa'>.
Traceback (most recent call last):

  File "/usr/lib64/python3.11/threading.py", line 1002, in _bootstrap
    self._bootstrap_inner()
    │    └ <function Thread._bootstrap_inner at 0x7f2762b9c0e0>
    └ <WorkerThread(AnyIO worker thread, started 139806956844736)>
  File "/usr/lib64/python3.11/threading.py", line 1045, in _bootstrap_inner
    self.run()
    │    └ <function WorkerThread.run at 0x7f275f160860>
    └ <WorkerThread(AnyIO worker thread, started 139806956844736)>
  File "/home/cristhiand/Documentos/universidad/Integrador 1/Proyecto_Backent/.venv/lib/python3.11/site-packages/anyio/_backends/_asyncio.py", line 976, in run
    result = context.run(func, *args)
             │       │   │      └ ()
             │       │   └ functools.partial(<function read_empresa at 0x7f27604de980>, service=<modules.empresa.service.EmpresaService object at 0x7f27...
             │       └ <method 'run' of '_contextvars.Context' objects>
             └ <_contextvars.Context object at 0x7f275f120d00>

> File "/home/cristhiand/Documentos/universidad/Integrador 1/Proyecto_Backent/modules/empresa/router.py", line 38, in read_empresa
    db_empresa = service.get_empresa(empresa_id=empresa_id)
                 │       │                      └ 2
                 │       └ <function EmpresaService.get_empresa at 0x7f27604ddbc0>
                 └ <modules.empresa.service.EmpresaService object at 0x7f275f16d850>

  File "/home/cristhiand/Documentos/universidad/Integrador 1/Proyecto_Backent/modules/empresa/service.py", line 22, in get_empresa
    db_empresa = self.repository.get_empresa(empresa_id=empresa_id)
                 │    │          │                      └ 2
                 │    │          └ <function EmpresaRepository.get_empresa at 0x7f2761f6d3a0>
                 │    └ <modules.empresa.repository.EmpresaRepository object at 0x7f275f16d890>
                 └ <modules.empresa.service.EmpresaService object at 0x7f275f16d850>

  File "/home/cristhiand/Documentos/universidad/Integrador 1/Proyecto_Backent/modules/empresa/repository.py", line 12, in get_empresa
    return self.db.query(Empresa).filter(Empresa.id_empresa == empresa_id).first()
           │    │  │     │               │                     └ 2
           │    │  │     │               └ <class 'modules.empresa.schemas.Empresa'>
           │    │  │     └ <class 'modules.empresa.schemas.Empresa'>
           │    │  └ <function Session.query at 0x7f2760c837e0>
           │    └ <sqlalchemy.orm.session.Session object at 0x7f27604e56d0>
           └ <modules.empresa.repository.EmpresaRepository object at 0x7f275f16d890>

  File "/home/cristhiand/Documentos/universidad/Integrador 1/Proyecto_Backent/.venv/lib64/python3.11/site-packages/sqlalchemy/orm/session.py", line 2955, in query
    return self._query_cls(entities, self, **kwargs)
           │    │          │         │       └ {}
           │    │          │         └ <sqlalchemy.orm.session.Session object at 0x7f27604e56d0>
           │    │          └ (<class 'modules.empresa.schemas.Empresa'>,)
           │    └ <class 'sqlalchemy.orm.query.Query'>
           └ <sqlalchemy.orm.session.Session object at 0x7f27604e56d0>
  File "/home/cristhiand/Documentos/universidad/Integrador 1/Proyecto_Backent/.venv/lib64/python3.11/site-packages/sqlalchemy/orm/query.py", line 276, in __init__
    self._set_entities(entities)
    │    │             └ (<class 'modules.empresa.schemas.Empresa'>,)
    │    └ <function Query._set_entities at 0x7f2760db56c0>
    └ <sqlalchemy.orm.query.Query object at 0x7f27604e54d0>
  File "/home/cristhiand/Documentos/universidad/Integrador 1/Proyecto_Backent/.venv/lib64/python3.11/site-packages/sqlalchemy/orm/query.py", line 288, in _set_entities
    self._raw_columns = [
    └ <sqlalchemy.orm.query.Query object at 0x7f27604e54d0>
  File "/home/cristhiand/Documentos/universidad/Integrador 1/Proyecto_Backent/.venv/lib64/python3.11/site-packages/sqlalchemy/orm/query.py", line 289, in <listcomp>
    coercions.expect(
    │         └ <function expect at 0x7f27613a23e0>
    └ <module 'sqlalchemy.sql.coercions' from '/home/cristhiand/Documentos/universidad/Integrador 1/Proyecto_Backent/.venv/lib64/py...
  File "/home/cristhiand/Documentos/universidad/Integrador 1/Proyecto_Backent/.venv/lib64/python3.11/site-packages/sqlalchemy/sql/coercions.py", line 395, in expect
    resolved = impl._literal_coercion(
               │    └ <function _CoerceLiterals._literal_coercion at 0x7f27613a2e80>
               └ <sqlalchemy.sql.coercions.ColumnsClauseImpl object at 0x7f2761fb7640>
  File "/home/cristhiand/Documentos/universidad/Integrador 1/Proyecto_Backent/.venv/lib64/python3.11/site-packages/sqlalchemy/sql/coercions.py", line 634, in _literal_coercion
    self._raise_for_expected(element, argname)
    │    │                   │        └ None
    │    │                   └ <class 'modules.empresa.schemas.Empresa'>
    │    └ <function ColumnsClauseImpl._raise_for_expected at 0x7f27613f07c0>
    └ <sqlalchemy.sql.coercions.ColumnsClauseImpl object at 0x7f2761fb7640>
  File "/home/cristhiand/Documentos/universidad/Integrador 1/Proyecto_Backent/.venv/lib64/python3.11/site-packages/sqlalchemy/sql/coercions.py", line 1132, in _raise_for_expected
    return super()._raise_for_expected(
  File "/home/cristhiand/Documentos/universidad/Integrador 1/Proyecto_Backent/.venv/lib64/python3.11/site-packages/sqlalchemy/sql/coercions.py", line 695, in _raise_for_expected
    super()._raise_for_expected(
  File "/home/cristhiand/Documentos/universidad/Integrador 1/Proyecto_Backent/.venv/lib64/python3.11/site-packages/sqlalchemy/sql/coercions.py", line 518, in _raise_for_expected
    raise exc.ArgumentError(msg, code=code) from err
          │   │             │         │          └ None
          │   │             │         └ None
          │   │             └ "Column expression, FROM clause, or other columns clause element expected, got <class 'modules.empresa.schemas.Empresa'>."
          │   └ <class 'sqlalchemy.exc.ArgumentError'>
          └ <module 'sqlalchemy.exc' from '/home/cristhiand/Documentos/universidad/Integrador 1/Proyecto_Backent/.venv/lib64/python3.11/s...

sqlalchemy.exc.ArgumentError: Column expression, FROM clause, or other columns clause element expected, got <class 'modules.empresa.schemas.Empresa'>.
2025-09-28 22:07:59 | ERROR    | modules.empresa.router:read_empresa:45 - Error 500: Column expression, FROM clause, or other columns clause element expected, got <class 'modules.empresa.schemas.Empresa'>.
Traceback (most recent call last):

  File "/usr/lib64/python3.11/threading.py", line 1002, in _bootstrap
    self._bootstrap_inner()
    │    └ <function Thread._bootstrap_inner at 0x7f2762b9c0e0>
    └ <WorkerThread(AnyIO worker thread, started 139806956844736)>
  File "/usr/lib64/python3.11/threading.py", line 1045, in _bootstrap_inner
    self.run()
    │    └ <function WorkerThread.run at 0x7f275f160860>
    └ <WorkerThread(AnyIO worker thread, started 139806956844736)>
  File "/home/cristhiand/Documentos/universidad/Integrador 1/Proyecto_Backent/.venv/lib/python3.11/site-packages/anyio/_backends/_asyncio.py", line 976, in run
    result = context.run(func, *args)
             │       │   │      └ ()
             │       │   └ functools.partial(<function read_empresa at 0x7f27604de980>, service=<modules.empresa.service.EmpresaService object at 0x7f27...
             │       └ <method 'run' of '_contextvars.Context' objects>
             └ <_contextvars.Context object at 0x7f2760506b40>

> File "/home/cristhiand/Documentos/universidad/Integrador 1/Proyecto_Backent/modules/empresa/router.py", line 38, in read_empresa
    db_empresa = service.get_empresa(empresa_id=empresa_id)
                 │       │                      └ 2
                 │       └ <function EmpresaService.get_empresa at 0x7f27604ddbc0>
                 └ <modules.empresa.service.EmpresaService object at 0x7f275eda4dd0>

  File "/home/cristhiand/Documentos/universidad/Integrador 1/Proyecto_Backent/modules/empresa/service.py", line 22, in get_empresa
    db_empresa = self.repository.get_empresa(empresa_id=empresa_id)
                 │    │          │                      └ 2
                 │    │          └ <function EmpresaRepository.get_empresa at 0x7f2761f6d3a0>
                 │    └ <modules.empresa.repository.EmpresaRepository object at 0x7f275eda6010>
                 └ <modules.empresa.service.EmpresaService object at 0x7f275eda4dd0>

  File "/home/cristhiand/Documentos/universidad/Integrador 1/Proyecto_Backent/modules/empresa/repository.py", line 12, in get_empresa
    return self.db.query(Empresa).filter(Empresa.id_empresa == empresa_id).first()
           │    │  │     │               │                     └ 2
           │    │  │     │               └ <class 'modules.empresa.schemas.Empresa'>
           │    │  │     └ <class 'modules.empresa.schemas.Empresa'>
           │    │  └ <function Session.query at 0x7f2760c837e0>
           │    └ <sqlalchemy.orm.session.Session object at 0x7f2760512110>
           └ <modules.empresa.repository.EmpresaRepository object at 0x7f275eda6010>

  File "/home/cristhiand/Documentos/universidad/Integrador 1/Proyecto_Backent/.venv/lib64/python3.11/site-packages/sqlalchemy/orm/session.py", line 2955, in query
    return self._query_cls(entities, self, **kwargs)
           │    │          │         │       └ {}
           │    │          │         └ <sqlalchemy.orm.session.Session object at 0x7f2760512110>
           │    │          └ (<class 'modules.empresa.schemas.Empresa'>,)
           │    └ <class 'sqlalchemy.orm.query.Query'>
           └ <sqlalchemy.orm.session.Session object at 0x7f2760512110>
  File "/home/cristhiand/Documentos/universidad/Integrador 1/Proyecto_Backent/.venv/lib64/python3.11/site-packages/sqlalchemy/orm/query.py", line 276, in __init__
    self._set_entities(entities)
    │    │             └ (<class 'modules.empresa.schemas.Empresa'>,)
    │    └ <function Query._set_entities at 0x7f2760db56c0>
    └ <sqlalchemy.orm.query.Query object at 0x7f275eda7b90>
  File "/home/cristhiand/Documentos/universidad/Integrador 1/Proyecto_Backent/.venv/lib64/python3.11/site-packages/sqlalchemy/orm/query.py", line 288, in _set_entities
    self._raw_columns = [
    └ <sqlalchemy.orm.query.Query object at 0x7f275eda7b90>
  File "/home/cristhiand/Documentos/universidad/Integrador 1/Proyecto_Backent/.venv/lib64/python3.11/site-packages/sqlalchemy/orm/query.py", line 289, in <listcomp>
    coercions.expect(
    │         └ <function expect at 0x7f27613a23e0>
    └ <module 'sqlalchemy.sql.coercions' from '/home/cristhiand/Documentos/universidad/Integrador 1/Proyecto_Backent/.venv/lib64/py...
  File "/home/cristhiand/Documentos/universidad/Integrador 1/Proyecto_Backent/.venv/lib64/python3.11/site-packages/sqlalchemy/sql/coercions.py", line 395, in expect
    resolved = impl._literal_coercion(
               │    └ <function _CoerceLiterals._literal_coercion at 0x7f27613a2e80>
               └ <sqlalchemy.sql.coercions.ColumnsClauseImpl object at 0x7f2761fb7640>
  File "/home/cristhiand/Documentos/universidad/Integrador 1/Proyecto_Backent/.venv/lib64/python3.11/site-packages/sqlalchemy/sql/coercions.py", line 634, in _literal_coercion
    self._raise_for_expected(element, argname)
    │    │                   │        └ None
    │    │                   └ <class 'modules.empresa.schemas.Empresa'>
    │    └ <function ColumnsClauseImpl._raise_for_expected at 0x7f27613f07c0>
    └ <sqlalchemy.sql.coercions.ColumnsClauseImpl object at 0x7f2761fb7640>
  File "/home/cristhiand/Documentos/universidad/Integrador 1/Proyecto_Backent/.venv/lib64/python3.11/site-packages/sqlalchemy/sql/coercions.py", line 1132, in _raise_for_expected
    return super()._raise_for_expected(
  File "/home/cristhiand/Documentos/universidad/Integrador 1/Proyecto_Backent/.venv/lib64/python3.11/site-packages/sqlalchemy/sql/coercions.py", line 695, in _raise_for_expected
    super()._raise_for_expected(
  File "/home/cristhiand/Documentos/universidad/Integrador 1/Proyecto_Backent/.venv/lib64/python3.11/site-packages/sqlalchemy/sql/coercions.py", line 518, in _raise_for_expected
    raise exc.ArgumentError(msg, code=code) from err
          │   │             │         │          └ None
          │   │             │         └ None
          │   │             └ "Column expression, FROM clause, or other columns clause element expected, got <class 'modules.empresa.schemas.Empresa'>."
          │   └ <class 'sqlalchemy.exc.ArgumentError'>
          └ <module 'sqlalchemy.exc' from '/home/cristhiand/Documentos/universidad/Integrador 1/Proyecto_Backent/.venv/lib64/python3.11/s...

sqlalchemy.exc.ArgumentError: Column expression, FROM clause, or other columns clause element expected, got <class 'modules.empresa.schemas.Empresa'>.
2025-09-28 22:08:00 | ERROR    | modules.empresa.router:read_empresa:45 - Error 500: Column expression, FROM clause, or other columns clause element expected, got <class 'modules.empresa.schemas.Empresa'>.
Traceback (most recent call last):

  File "/usr/lib64/python3.11/threading.py", line 1002, in _bootstrap
    self._bootstrap_inner()
    │    └ <function Thread._bootstrap_inner at 0x7f2762b9c0e0>
    └ <WorkerThread(AnyIO worker thread, started 139806956844736)>
  File "/usr/lib64/python3.11/threading.py", line 1045, in _bootstrap_inner
    self.run()
    │    └ <function WorkerThread.run at 0x7f275f160860>
    └ <WorkerThread(AnyIO worker thread, started 139806956844736)>
  File "/home/cristhiand/Documentos/universidad/Integrador 1/Proyecto_Backent/.venv/lib/python3.11/site-packages/anyio/_backends/_asyncio.py", line 976, in run
    result = context.run(func, *args)
             │       │   │      └ ()
             │       │   └ functools.partial(<function read_empresa at 0x7f27604de980>, service=<modules.empresa.service.EmpresaService object at 0x7f27...
             │       └ <method 'run' of '_contextvars.Context' objects>
             └ <_contextvars.Context object at 0x7f275f120d00>

> File "/home/cristhiand/Documentos/universidad/Integrador 1/Proyecto_Backent/modules/empresa/router.py", line 38, in read_empresa
    db_empresa = service.get_empresa(empresa_id=empresa_id)
                 │       │                      └ 2
                 │       └ <function EmpresaService.get_empresa at 0x7f27604ddbc0>
                 └ <modules.empresa.service.EmpresaService object at 0x7f275f16e010>

  File "/home/cristhiand/Documentos/universidad/Integrador 1/Proyecto_Backent/modules/empresa/service.py", line 22, in get_empresa
    db_empresa = self.repository.get_empresa(empresa_id=empresa_id)
                 │    │          │                      └ 2
                 │    │          └ <function EmpresaRepository.get_empresa at 0x7f2761f6d3a0>
                 │    └ <modules.empresa.repository.EmpresaRepository object at 0x7f275eda0290>
                 └ <modules.empresa.service.EmpresaService object at 0x7f275f16e010>

  File "/home/cristhiand/Documentos/universidad/Integrador 1/Proyecto_Backent/modules/empresa/repository.py", line 12, in get_empresa
    return self.db.query(Empresa).filter(Empresa.id_empresa == empresa_id).first()
           │    │  │     │               │                     └ 2
           │    │  │     │               └ <class 'modules.empresa.schemas.Empresa'>
           │    │  │     └ <class 'modules.empresa.schemas.Empresa'>
           │    │  └ <function Session.query at 0x7f2760c837e0>
           │    └ <sqlalchemy.orm.session.Session object at 0x7f275f16d950>
           └ <modules.empresa.repository.EmpresaRepository object at 0x7f275eda0290>

  File "/home/cristhiand/Documentos/universidad/Integrador 1/Proyecto_Backent/.venv/lib64/python3.11/site-packages/sqlalchemy/orm/session.py", line 2955, in query
    return self._query_cls(entities, self, **kwargs)
           │    │          │         │       └ {}
           │    │          │         └ <sqlalchemy.orm.session.Session object at 0x7f275f16d950>
           │    │          └ (<class 'modules.empresa.schemas.Empresa'>,)
           │    └ <class 'sqlalchemy.orm.query.Query'>
           └ <sqlalchemy.orm.session.Session object at 0x7f275f16d950>
  File "/home/cristhiand/Documentos/universidad/Integrador 1/Proyecto_Backent/.venv/lib64/python3.11/site-packages/sqlalchemy/orm/query.py", line 276, in __init__
    self._set_entities(entities)
    │    │             └ (<class 'modules.empresa.schemas.Empresa'>,)
    │    └ <function Query._set_entities at 0x7f2760db56c0>
    └ <sqlalchemy.orm.query.Query object at 0x7f275f16d750>
  File "/home/cristhiand/Documentos/universidad/Integrador 1/Proyecto_Backent/.venv/lib64/python3.11/site-packages/sqlalchemy/orm/query.py", line 288, in _set_entities
    self._raw_columns = [
    └ <sqlalchemy.orm.query.Query object at 0x7f275f16d750>
  File "/home/cristhiand/Documentos/universidad/Integrador 1/Proyecto_Backent/.venv/lib64/python3.11/site-packages/sqlalchemy/orm/query.py", line 289, in <listcomp>
    coercions.expect(
    │         └ <function expect at 0x7f27613a23e0>
    └ <module 'sqlalchemy.sql.coercions' from '/home/cristhiand/Documentos/universidad/Integrador 1/Proyecto_Backent/.venv/lib64/py...
  File "/home/cristhiand/Documentos/universidad/Integrador 1/Proyecto_Backent/.venv/lib64/python3.11/site-packages/sqlalchemy/sql/coercions.py", line 395, in expect
    resolved = impl._literal_coercion(
               │    └ <function _CoerceLiterals._literal_coercion at 0x7f27613a2e80>
               └ <sqlalchemy.sql.coercions.ColumnsClauseImpl object at 0x7f2761fb7640>
  File "/home/cristhiand/Documentos/universidad/Integrador 1/Proyecto_Backent/.venv/lib64/python3.11/site-packages/sqlalchemy/sql/coercions.py", line 634, in _literal_coercion
    self._raise_for_expected(element, argname)
    │    │                   │        └ None
    │    │                   └ <class 'modules.empresa.schemas.Empresa'>
    │    └ <function ColumnsClauseImpl._raise_for_expected at 0x7f27613f07c0>
    └ <sqlalchemy.sql.coercions.ColumnsClauseImpl object at 0x7f2761fb7640>
  File "/home/cristhiand/Documentos/universidad/Integrador 1/Proyecto_Backent/.venv/lib64/python3.11/site-packages/sqlalchemy/sql/coercions.py", line 1132, in _raise_for_expected
    return super()._raise_for_expected(
  File "/home/cristhiand/Documentos/universidad/Integrador 1/Proyecto_Backent/.venv/lib64/python3.11/site-packages/sqlalchemy/sql/coercions.py", line 695, in _raise_for_expected
    super()._raise_for_expected(
  File "/home/cristhiand/Documentos/universidad/Integrador 1/Proyecto_Backent/.venv/lib64/python3.11/site-packages/sqlalchemy/sql/coercions.py", line 518, in _raise_for_expected
    raise exc.ArgumentError(msg, code=code) from err
          │   │             │         │          └ None
          │   │             │         └ None
          │   │             └ "Column expression, FROM clause, or other columns clause element expected, got <class 'modules.empresa.schemas.Empresa'>."
          │   └ <class 'sqlalchemy.exc.ArgumentError'>
          └ <module 'sqlalchemy.exc' from '/home/cristhiand/Documentos/universidad/Integrador 1/Proyecto_Backent/.venv/lib64/python3.11/s...

sqlalchemy.exc.ArgumentError: Column expression, FROM clause, or other columns clause element expected, got <class 'modules.empresa.schemas.Empresa'>.
2025-09-28 22:09:51 | ERROR    | modules.empresa.router:read_empresa:45 - Error 500: Column expression, FROM clause, or other columns clause element expected, got <class 'modules.empresa.schemas.Empresa'>.
Traceback (most recent call last):

  File "/usr/lib64/python3.11/threading.py", line 1002, in _bootstrap
    self._bootstrap_inner()
    │    └ <function Thread._bootstrap_inner at 0x7f2762b9c0e0>
    └ <WorkerThread(AnyIO worker thread, started 139806956844736)>
  File "/usr/lib64/python3.11/threading.py", line 1045, in _bootstrap_inner
    self.run()
    │    └ <function WorkerThread.run at 0x7f275f160860>
    └ <WorkerThread(AnyIO worker thread, started 139806956844736)>
  File "/home/cristhiand/Documentos/universidad/Integrador 1/Proyecto_Backent/.venv/lib/python3.11/site-packages/anyio/_backends/_asyncio.py", line 976, in run
    result = context.run(func, *args)
             │       │   │      └ ()
             │       │   └ functools.partial(<function read_empresa at 0x7f27604de980>, service=<modules.empresa.service.EmpresaService object at 0x7f27...
             │       └ <method 'run' of '_contextvars.Context' objects>
             └ <_contextvars.Context object at 0x7f275f120300>

> File "/home/cristhiand/Documentos/universidad/Integrador 1/Proyecto_Backent/modules/empresa/router.py", line 38, in read_empresa
    db_empresa = service.get_empresa(empresa_id=empresa_id)
                 │       │                      └ 2
                 │       └ <function EmpresaService.get_empresa at 0x7f27604ddbc0>
                 └ <modules.empresa.service.EmpresaService object at 0x7f275eda1c90>

  File "/home/cristhiand/Documentos/universidad/Integrador 1/Proyecto_Backent/modules/empresa/service.py", line 22, in get_empresa
    db_empresa = self.repository.get_empresa(empresa_id=empresa_id)
                 │    │          │                      └ 2
                 │    │          └ <function EmpresaRepository.get_empresa at 0x7f2761f6d3a0>
                 │    └ <modules.empresa.repository.EmpresaRepository object at 0x7f275eda1050>
                 └ <modules.empresa.service.EmpresaService object at 0x7f275eda1c90>

  File "/home/cristhiand/Documentos/universidad/Integrador 1/Proyecto_Backent/modules/empresa/repository.py", line 12, in get_empresa
    return self.db.query(Empresa).filter(Empresa.id_empresa == empresa_id).first()
           │    │  │     │               │                     └ 2
           │    │  │     │               └ <class 'modules.empresa.schemas.Empresa'>
           │    │  │     └ <class 'modules.empresa.schemas.Empresa'>
           │    │  └ <function Session.query at 0x7f2760c837e0>
           │    └ <sqlalchemy.orm.session.Session object at 0x7f275eda7550>
           └ <modules.empresa.repository.EmpresaRepository object at 0x7f275eda1050>

  File "/home/cristhiand/Documentos/universidad/Integrador 1/Proyecto_Backent/.venv/lib64/python3.11/site-packages/sqlalchemy/orm/session.py", line 2955, in query
    return self._query_cls(entities, self, **kwargs)
           │    │          │         │       └ {}
           │    │          │         └ <sqlalchemy.orm.session.Session object at 0x7f275eda7550>
           │    │          └ (<class 'modules.empresa.schemas.Empresa'>,)
           │    └ <class 'sqlalchemy.orm.query.Query'>
           └ <sqlalchemy.orm.session.Session object at 0x7f275eda7550>
  File "/home/cristhiand/Documentos/universidad/Integrador 1/Proyecto_Backent/.venv/lib64/python3.11/site-packages/sqlalchemy/orm/query.py", line 276, in __init__
    self._set_entities(entities)
    │    │             └ (<class 'modules.empresa.schemas.Empresa'>,)
    │    └ <function Query._set_entities at 0x7f2760db56c0>
    └ <sqlalchemy.orm.query.Query object at 0x7f275eda1010>
  File "/home/cristhiand/Documentos/universidad/Integrador 1/Proyecto_Backent/.venv/lib64/python3.11/site-packages/sqlalchemy/orm/query.py", line 288, in _set_entities
    self._raw_columns = [
    └ <sqlalchemy.orm.query.Query object at 0x7f275eda1010>
  File "/home/cristhiand/Documentos/universidad/Integrador 1/Proyecto_Backent/.venv/lib64/python3.11/site-packages/sqlalchemy/orm/query.py", line 289, in <listcomp>
    coercions.expect(
    │         └ <function expect at 0x7f27613a23e0>
    └ <module 'sqlalchemy.sql.coercions' from '/home/cristhiand/Documentos/universidad/Integrador 1/Proyecto_Backent/.venv/lib64/py...
  File "/home/cristhiand/Documentos/universidad/Integrador 1/Proyecto_Backent/.venv/lib64/python3.11/site-packages/sqlalchemy/sql/coercions.py", line 395, in expect
    resolved = impl._literal_coercion(
               │    └ <function _CoerceLiterals._literal_coercion at 0x7f27613a2e80>
               └ <sqlalchemy.sql.coercions.ColumnsClauseImpl object at 0x7f2761fb7640>
  File "/home/cristhiand/Documentos/universidad/Integrador 1/Proyecto_Backent/.venv/lib64/python3.11/site-packages/sqlalchemy/sql/coercions.py", line 634, in _literal_coercion
    self._raise_for_expected(element, argname)
    │    │                   │        └ None
    │    │                   └ <class 'modules.empresa.schemas.Empresa'>
    │    └ <function ColumnsClauseImpl._raise_for_expected at 0x7f27613f07c0>
    └ <sqlalchemy.sql.coercions.ColumnsClauseImpl object at 0x7f2761fb7640>
  File "/home/cristhiand/Documentos/universidad/Integrador 1/Proyecto_Backent/.venv/lib64/python3.11/site-packages/sqlalchemy/sql/coercions.py", line 1132, in _raise_for_expected
    return super()._raise_for_expected(
  File "/home/cristhiand/Documentos/universidad/Integrador 1/Proyecto_Backent/.venv/lib64/python3.11/site-packages/sqlalchemy/sql/coercions.py", line 695, in _raise_for_expected
    super()._raise_for_expected(
  File "/home/cristhiand/Documentos/universidad/Integrador 1/Proyecto_Backent/.venv/lib64/python3.11/site-packages/sqlalchemy/sql/coercions.py", line 518, in _raise_for_expected
    raise exc.ArgumentError(msg, code=code) from err
          │   │             │         │          └ None
          │   │             │         └ None
          │   │             └ "Column expression, FROM clause, or other columns clause element expected, got <class 'modules.empresa.schemas.Empresa'>."
          │   └ <class 'sqlalchemy.exc.ArgumentError'>
          └ <module 'sqlalchemy.exc' from '/home/cristhiand/Documentos/universidad/Integrador 1/Proyecto_Backent/.venv/lib64/python3.11/s...

sqlalchemy.exc.ArgumentError: Column expression, FROM clause, or other columns clause element expected, got <class 'modules.empresa.schemas.Empresa'>.
2025-09-28 22:13:21 | ERROR    | modules.empresa.router:read_empresa:45 - Error 500: Column expression, FROM clause, or other columns clause element expected, got <class 'modules.empresa.schemas.Empresa'>.
Traceback (most recent call last):

  File "/usr/lib64/python3.11/threading.py", line 1002, in _bootstrap
    self._bootstrap_inner()
    │    └ <function Thread._bootstrap_inner at 0x7f2762b9c0e0>
    └ <WorkerThread(AnyIO worker thread, started 139806956844736)>
  File "/usr/lib64/python3.11/threading.py", line 1045, in _bootstrap_inner
    self.run()
    │    └ <function WorkerThread.run at 0x7f275f160860>
    └ <WorkerThread(AnyIO worker thread, started 139806956844736)>
  File "/home/cristhiand/Documentos/universidad/Integrador 1/Proyecto_Backent/.venv/lib/python3.11/site-packages/anyio/_backends/_asyncio.py", line 976, in run
    result = context.run(func, *args)
             │       │   │      └ ()
             │       │   └ functools.partial(<function read_empresa at 0x7f27604de980>, service=<modules.empresa.service.EmpresaService object at 0x7f27...
             │       └ <method 'run' of '_contextvars.Context' objects>
             └ <_contextvars.Context object at 0x7f2760ad4900>

> File "/home/cristhiand/Documentos/universidad/Integrador 1/Proyecto_Backent/modules/empresa/router.py", line 38, in read_empresa
    db_empresa = service.get_empresa(empresa_id=empresa_id)
                 │       │                      └ 2
                 │       └ <function EmpresaService.get_empresa at 0x7f27604ddbc0>
                 └ <modules.empresa.service.EmpresaService object at 0x7f2760506190>

  File "/home/cristhiand/Documentos/universidad/Integrador 1/Proyecto_Backent/modules/empresa/service.py", line 22, in get_empresa
    db_empresa = self.repository.get_empresa(empresa_id=empresa_id)
                 │    │          │                      └ 2
                 │    │          └ <function EmpresaRepository.get_empresa at 0x7f2761f6d3a0>
                 │    └ <modules.empresa.repository.EmpresaRepository object at 0x7f275eda9650>
                 └ <modules.empresa.service.EmpresaService object at 0x7f2760506190>

  File "/home/cristhiand/Documentos/universidad/Integrador 1/Proyecto_Backent/modules/empresa/repository.py", line 12, in get_empresa
    return self.db.query(Empresa).filter(Empresa.id_empresa == empresa_id).first()
           │    │  │     │               │                     └ 2
           │    │  │     │               └ <class 'modules.empresa.schemas.Empresa'>
           │    │  │     └ <class 'modules.empresa.schemas.Empresa'>
           │    │  └ <function Session.query at 0x7f2760c837e0>
           │    └ <sqlalchemy.orm.session.Session object at 0x7f275eda01d0>
           └ <modules.empresa.repository.EmpresaRepository object at 0x7f275eda9650>

  File "/home/cristhiand/Documentos/universidad/Integrador 1/Proyecto_Backent/.venv/lib64/python3.11/site-packages/sqlalchemy/orm/session.py", line 2955, in query
    return self._query_cls(entities, self, **kwargs)
           │    │          │         │       └ {}
           │    │          │         └ <sqlalchemy.orm.session.Session object at 0x7f275eda01d0>
           │    │          └ (<class 'modules.empresa.schemas.Empresa'>,)
           │    └ <class 'sqlalchemy.orm.query.Query'>
           └ <sqlalchemy.orm.session.Session object at 0x7f275eda01d0>
  File "/home/cristhiand/Documentos/universidad/Integrador 1/Proyecto_Backent/.venv/lib64/python3.11/site-packages/sqlalchemy/orm/query.py", line 276, in __init__
    self._set_entities(entities)
    │    │             └ (<class 'modules.empresa.schemas.Empresa'>,)
    │    └ <function Query._set_entities at 0x7f2760db56c0>
    └ <sqlalchemy.orm.query.Query object at 0x7f275eda3450>
  File "/home/cristhiand/Documentos/universidad/Integrador 1/Proyecto_Backent/.venv/lib64/python3.11/site-packages/sqlalchemy/orm/query.py", line 288, in _set_entities
    self._raw_columns = [
    └ <sqlalchemy.orm.query.Query object at 0x7f275eda3450>
  File "/home/cristhiand/Documentos/universidad/Integrador 1/Proyecto_Backent/.venv/lib64/python3.11/site-packages/sqlalchemy/orm/query.py", line 289, in <listcomp>
    coercions.expect(
    │         └ <function expect at 0x7f27613a23e0>
    └ <module 'sqlalchemy.sql.coercions' from '/home/cristhiand/Documentos/universidad/Integrador 1/Proyecto_Backent/.venv/lib64/py...
  File "/home/cristhiand/Documentos/universidad/Integrador 1/Proyecto_Backent/.venv/lib64/python3.11/site-packages/sqlalchemy/sql/coercions.py", line 395, in expect
    resolved = impl._literal_coercion(
               │    └ <function _CoerceLiterals._literal_coercion at 0x7f27613a2e80>
               └ <sqlalchemy.sql.coercions.ColumnsClauseImpl object at 0x7f2761fb7640>
  File "/home/cristhiand/Documentos/universidad/Integrador 1/Proyecto_Backent/.venv/lib64/python3.11/site-packages/sqlalchemy/sql/coercions.py", line 634, in _literal_coercion
    self._raise_for_expected(element, argname)
    │    │                   │        └ None
    │    │                   └ <class 'modules.empresa.schemas.Empresa'>
    │    └ <function ColumnsClauseImpl._raise_for_expected at 0x7f27613f07c0>
    └ <sqlalchemy.sql.coercions.ColumnsClauseImpl object at 0x7f2761fb7640>
  File "/home/cristhiand/Documentos/universidad/Integrador 1/Proyecto_Backent/.venv/lib64/python3.11/site-packages/sqlalchemy/sql/coercions.py", line 1132, in _raise_for_expected
    return super()._raise_for_expected(
  File "/home/cristhiand/Documentos/universidad/Integrador 1/Proyecto_Backent/.venv/lib64/python3.11/site-packages/sqlalchemy/sql/coercions.py", line 695, in _raise_for_expected
    super()._raise_for_expected(
  File "/home/cristhiand/Documentos/universidad/Integrador 1/Proyecto_Backent/.venv/lib64/python3.11/site-packages/sqlalchemy/sql/coercions.py", line 518, in _raise_for_expected
    raise exc.ArgumentError(msg, code=code) from err
          │   │             │         │          └ None
          │   │             │         └ None
          │   │             └ "Column expression, FROM clause, or other columns clause element expected, got <class 'modules.empresa.schemas.Empresa'>."
          │   └ <class 'sqlalchemy.exc.ArgumentError'>
          └ <module 'sqlalchemy.exc' from '/home/cristhiand/Documentos/universidad/Integrador 1/Proyecto_Backent/.venv/lib64/python3.11/s...

sqlalchemy.exc.ArgumentError: Column expression, FROM clause, or other columns clause element expected, got <class 'modules.empresa.schemas.Empresa'>.
2025-09-28 22:13:31 | ERROR    | modules.empresa.router:read_empresa:45 - Error 500: Column expression, FROM clause, or other columns clause element expected, got <class 'modules.empresa.schemas.Empresa'>.
Traceback (most recent call last):

  File "/usr/lib64/python3.11/threading.py", line 1002, in _bootstrap
    self._bootstrap_inner()
    │    └ <function Thread._bootstrap_inner at 0x7ff110b480e0>
    └ <WorkerThread(AnyIO worker thread, started 140673237890752)>
  File "/usr/lib64/python3.11/threading.py", line 1045, in _bootstrap_inner
    self.run()
    │    └ <function WorkerThread.run at 0x7ff10d164860>
    └ <WorkerThread(AnyIO worker thread, started 140673237890752)>
  File "/home/cristhiand/Documentos/universidad/Integrador 1/Proyecto_Backent/.venv/lib/python3.11/site-packages/anyio/_backends/_asyncio.py", line 976, in run
    result = context.run(func, *args)
             │       │   │      └ ()
             │       │   └ functools.partial(<function read_empresa at 0x7ff10e4c2980>, service=<modules.empresa.service.EmpresaService object at 0x7ff1...
             │       └ <method 'run' of '_contextvars.Context' objects>
             └ <_contextvars.Context object at 0x7ff10d122d00>

> File "/home/cristhiand/Documentos/universidad/Integrador 1/Proyecto_Backent/modules/empresa/router.py", line 38, in read_empresa
    db_empresa = service.get_empresa(empresa_id=empresa_id)
                 │       │                      └ 2
                 │       └ <function EmpresaService.get_empresa at 0x7ff10e4c1f80>
                 └ <modules.empresa.service.EmpresaService object at 0x7ff10e4ed410>

  File "/home/cristhiand/Documentos/universidad/Integrador 1/Proyecto_Backent/modules/empresa/service.py", line 22, in get_empresa
    db_empresa = self.repository.get_empresa(empresa_id=empresa_id)
                 │    │          │                      └ 2
                 │    │          └ <function EmpresaRepository.get_empresa at 0x7ff10e4c1800>
                 │    └ <modules.empresa.repository.EmpresaRepository object at 0x7ff10d151790>
                 └ <modules.empresa.service.EmpresaService object at 0x7ff10e4ed410>

  File "/home/cristhiand/Documentos/universidad/Integrador 1/Proyecto_Backent/modules/empresa/repository.py", line 12, in get_empresa
    return self.db.query(Empresa).filter(Empresa.id_empresa == empresa_id).first()
           │    │  │     │               │                     └ 2
           │    │  │     │               └ <class 'modules.empresa.schemas.Empresa'>
           │    │  │     └ <class 'modules.empresa.schemas.Empresa'>
           │    │  └ <function Session.query at 0x7ff10ec837e0>
           │    └ <sqlalchemy.orm.session.Session object at 0x7ff10d122b50>
           └ <modules.empresa.repository.EmpresaRepository object at 0x7ff10d151790>

  File "/home/cristhiand/Documentos/universidad/Integrador 1/Proyecto_Backent/.venv/lib64/python3.11/site-packages/sqlalchemy/orm/session.py", line 2955, in query
    return self._query_cls(entities, self, **kwargs)
           │    │          │         │       └ {}
           │    │          │         └ <sqlalchemy.orm.session.Session object at 0x7ff10d122b50>
           │    │          └ (<class 'modules.empresa.schemas.Empresa'>,)
           │    └ <class 'sqlalchemy.orm.query.Query'>
           └ <sqlalchemy.orm.session.Session object at 0x7ff10d122b50>
  File "/home/cristhiand/Documentos/universidad/Integrador 1/Proyecto_Backent/.venv/lib64/python3.11/site-packages/sqlalchemy/orm/query.py", line 276, in __init__
    self._set_entities(entities)
    │    │             └ (<class 'modules.empresa.schemas.Empresa'>,)
    │    └ <function Query._set_entities at 0x7ff10edb56c0>
    └ <sqlalchemy.orm.query.Query object at 0x7ff10e4e2e10>
  File "/home/cristhiand/Documentos/universidad/Integrador 1/Proyecto_Backent/.venv/lib64/python3.11/site-packages/sqlalchemy/orm/query.py", line 288, in _set_entities
    self._raw_columns = [
    └ <sqlalchemy.orm.query.Query object at 0x7ff10e4e2e10>
  File "/home/cristhiand/Documentos/universidad/Integrador 1/Proyecto_Backent/.venv/lib64/python3.11/site-packages/sqlalchemy/orm/query.py", line 289, in <listcomp>
    coercions.expect(
    │         └ <function expect at 0x7ff10f3a23e0>
    └ <module 'sqlalchemy.sql.coercions' from '/home/cristhiand/Documentos/universidad/Integrador 1/Proyecto_Backent/.venv/lib64/py...
  File "/home/cristhiand/Documentos/universidad/Integrador 1/Proyecto_Backent/.venv/lib64/python3.11/site-packages/sqlalchemy/sql/coercions.py", line 395, in expect
    resolved = impl._literal_coercion(
               │    └ <function _CoerceLiterals._literal_coercion at 0x7ff10f3a2e80>
               └ <sqlalchemy.sql.coercions.ColumnsClauseImpl object at 0x7ff10f3e2e00>
  File "/home/cristhiand/Documentos/universidad/Integrador 1/Proyecto_Backent/.venv/lib64/python3.11/site-packages/sqlalchemy/sql/coercions.py", line 634, in _literal_coercion
    self._raise_for_expected(element, argname)
    │    │                   │        └ None
    │    │                   └ <class 'modules.empresa.schemas.Empresa'>
    │    └ <function ColumnsClauseImpl._raise_for_expected at 0x7ff10f3e87c0>
    └ <sqlalchemy.sql.coercions.ColumnsClauseImpl object at 0x7ff10f3e2e00>
  File "/home/cristhiand/Documentos/universidad/Integrador 1/Proyecto_Backent/.venv/lib64/python3.11/site-packages/sqlalchemy/sql/coercions.py", line 1132, in _raise_for_expected
    return super()._raise_for_expected(
  File "/home/cristhiand/Documentos/universidad/Integrador 1/Proyecto_Backent/.venv/lib64/python3.11/site-packages/sqlalchemy/sql/coercions.py", line 695, in _raise_for_expected
    super()._raise_for_expected(
  File "/home/cristhiand/Documentos/universidad/Integrador 1/Proyecto_Backent/.venv/lib64/python3.11/site-packages/sqlalchemy/sql/coercions.py", line 518, in _raise_for_expected
    raise exc.ArgumentError(msg, code=code) from err
          │   │             │         │          └ None
          │   │             │         └ None
          │   │             └ "Column expression, FROM clause, or other columns clause element expected, got <class 'modules.empresa.schemas.Empresa'>."
          │   └ <class 'sqlalchemy.exc.ArgumentError'>
          └ <module 'sqlalchemy.exc' from '/home/cristhiand/Documentos/universidad/Integrador 1/Proyecto_Backent/.venv/lib64/python3.11/s...

sqlalchemy.exc.ArgumentError: Column expression, FROM clause, or other columns clause element expected, got <class 'modules.empresa.schemas.Empresa'>.
2025-09-28 22:15:51 | ERROR    | modules.empresa.router:read_empresa:45 - Error 500: Column expression, FROM clause, or other columns clause element expected, got <class 'modules.empresa.schemas.Empresa'>.
Traceback (most recent call last):

  File "/usr/lib64/python3.11/threading.py", line 1002, in _bootstrap
    self._bootstrap_inner()
    │    └ <function Thread._bootstrap_inner at 0x7fd9cb2a0fe0>
    └ <WorkerThread(AnyIO worker thread, started 140573308614336)>
  File "/usr/lib64/python3.11/threading.py", line 1045, in _bootstrap_inner
    self.run()
    │    └ <function WorkerThread.run at 0x7fd9c74acfe0>
    └ <WorkerThread(AnyIO worker thread, started 140573308614336)>
  File "/home/cristhiand/Documentos/universidad/Integrador 1/Proyecto_Backent/.venv/lib/python3.11/site-packages/anyio/_backends/_asyncio.py", line 976, in run
    result = context.run(func, *args)
             │       │   │      └ ()
             │       │   └ functools.partial(<function read_empresa at 0x7fd9c81037e0>, service=<modules.empresa.service.EmpresaService object at 0x7fd9...
             │       └ <method 'run' of '_contextvars.Context' objects>
             └ <_contextvars.Context object at 0x7fd9c8110680>

> File "/home/cristhiand/Documentos/universidad/Integrador 1/Proyecto_Backent/modules/empresa/router.py", line 38, in read_empresa
    db_empresa = service.get_empresa(empresa_id=empresa_id)
                 │       │                      └ 2
                 │       └ <function EmpresaService.get_empresa at 0x7fd9c8102980>
                 └ <modules.empresa.service.EmpresaService object at 0x7fd9c792ab10>

  File "/home/cristhiand/Documentos/universidad/Integrador 1/Proyecto_Backent/modules/empresa/service.py", line 22, in get_empresa
    db_empresa = self.repository.get_empresa(empresa_id=empresa_id)
                 │    │          │                      └ 2
                 │    │          └ <function EmpresaRepository.get_empresa at 0x7fd9c9b93d80>
                 │    └ <modules.empresa.repository.EmpresaRepository object at 0x7fd9c74c0350>
                 └ <modules.empresa.service.EmpresaService object at 0x7fd9c792ab10>

  File "/home/cristhiand/Documentos/universidad/Integrador 1/Proyecto_Backent/modules/empresa/repository.py", line 12, in get_empresa
    return self.db.query(Empresa).filter(Empresa.id_empresa == empresa_id).first()
           │    │  │     │               │                     └ 2
           │    │  │     │               └ <class 'modules.empresa.schemas.Empresa'>
           │    │  │     └ <class 'modules.empresa.schemas.Empresa'>
           │    │  └ <function Session.query at 0x7fd9c889c540>
           │    └ <sqlalchemy.orm.session.Session object at 0x7fd9c7469690>
           └ <modules.empresa.repository.EmpresaRepository object at 0x7fd9c74c0350>

  File "/home/cristhiand/Documentos/universidad/Integrador 1/Proyecto_Backent/.venv/lib64/python3.11/site-packages/sqlalchemy/orm/session.py", line 2955, in query
    return self._query_cls(entities, self, **kwargs)
           │    │          │         │       └ {}
           │    │          │         └ <sqlalchemy.orm.session.Session object at 0x7fd9c7469690>
           │    │          └ (<class 'modules.empresa.schemas.Empresa'>,)
           │    └ <class 'sqlalchemy.orm.query.Query'>
           └ <sqlalchemy.orm.session.Session object at 0x7fd9c7469690>
  File "/home/cristhiand/Documentos/universidad/Integrador 1/Proyecto_Backent/.venv/lib64/python3.11/site-packages/sqlalchemy/orm/query.py", line 276, in __init__
    self._set_entities(entities)
    │    │             └ (<class 'modules.empresa.schemas.Empresa'>,)
    │    └ <function Query._set_entities at 0x7fd9c89ce3e0>
    └ <sqlalchemy.orm.query.Query object at 0x7fd9c7468b10>
  File "/home/cristhiand/Documentos/universidad/Integrador 1/Proyecto_Backent/.venv/lib64/python3.11/site-packages/sqlalchemy/orm/query.py", line 288, in _set_entities
    self._raw_columns = [
    └ <sqlalchemy.orm.query.Query object at 0x7fd9c7468b10>
  File "/home/cristhiand/Documentos/universidad/Integrador 1/Proyecto_Backent/.venv/lib64/python3.11/site-packages/sqlalchemy/orm/query.py", line 289, in <listcomp>
    coercions.expect(
    │         └ <function expect at 0x7fd9c8f93240>
    └ <module 'sqlalchemy.sql.coercions' from '/home/cristhiand/Documentos/universidad/Integrador 1/Proyecto_Backent/.venv/lib64/py...
  File "/home/cristhiand/Documentos/universidad/Integrador 1/Proyecto_Backent/.venv/lib64/python3.11/site-packages/sqlalchemy/sql/coercions.py", line 395, in expect
    resolved = impl._literal_coercion(
               │    └ <function _CoerceLiterals._literal_coercion at 0x7fd9c8f93ce0>
               └ <sqlalchemy.sql.coercions.ColumnsClauseImpl object at 0x7fd9c8e15480>
  File "/home/cristhiand/Documentos/universidad/Integrador 1/Proyecto_Backent/.venv/lib64/python3.11/site-packages/sqlalchemy/sql/coercions.py", line 634, in _literal_coercion
    self._raise_for_expected(element, argname)
    │    │                   │        └ None
    │    │                   └ <class 'modules.empresa.schemas.Empresa'>
    │    └ <function ColumnsClauseImpl._raise_for_expected at 0x7fd9c8e11620>
    └ <sqlalchemy.sql.coercions.ColumnsClauseImpl object at 0x7fd9c8e15480>
  File "/home/cristhiand/Documentos/universidad/Integrador 1/Proyecto_Backent/.venv/lib64/python3.11/site-packages/sqlalchemy/sql/coercions.py", line 1132, in _raise_for_expected
    return super()._raise_for_expected(
  File "/home/cristhiand/Documentos/universidad/Integrador 1/Proyecto_Backent/.venv/lib64/python3.11/site-packages/sqlalchemy/sql/coercions.py", line 695, in _raise_for_expected
    super()._raise_for_expected(
  File "/home/cristhiand/Documentos/universidad/Integrador 1/Proyecto_Backent/.venv/lib64/python3.11/site-packages/sqlalchemy/sql/coercions.py", line 518, in _raise_for_expected
    raise exc.ArgumentError(msg, code=code) from err
          │   │             │         │          └ None
          │   │             │         └ None
          │   │             └ "Column expression, FROM clause, or other columns clause element expected, got <class 'modules.empresa.schemas.Empresa'>."
          │   └ <class 'sqlalchemy.exc.ArgumentError'>
          └ <module 'sqlalchemy.exc' from '/home/cristhiand/Documentos/universidad/Integrador 1/Proyecto_Backent/.venv/lib64/python3.11/s...

sqlalchemy.exc.ArgumentError: Column expression, FROM clause, or other columns clause element expected, got <class 'modules.empresa.schemas.Empresa'>.
2025-09-28 22:17:51 | ERROR    | modules.empresa.router:read_empresa:45 - Error 500: Column expression, FROM clause, or other columns clause element expected, got <class 'modules.empresa.schemas.Empresa'>.
Traceback (most recent call last):

  File "/opt/pycharm-community-2025.1.1.1/plugins/python-ce/helpers/pydev/_pydev_bundle/pydev_monkey.py", line 862, in __call__
    ret = self.original_func(*self.args, **self.kwargs)
          │    │              │    │       │    └ {}
          │    │              │    │       └ <_pydev_bundle.pydev_monkey._NewThreadStartupWithTrace object at 0x7f96a455a590>
          │    │              │    └ ()
          │    │              └ <_pydev_bundle.pydev_monkey._NewThreadStartupWithTrace object at 0x7f96a455a590>
          │    └ <bound method Thread._bootstrap of <WorkerThread(AnyIO worker thread, started 140285036197568)>>
          └ <_pydev_bundle.pydev_monkey._NewThreadStartupWithTrace object at 0x7f96a455a590>

  File "/usr/lib64/python3.11/threading.py", line 1002, in _bootstrap
    self._bootstrap_inner()
    │    └ <function Thread._bootstrap_inner at 0x7f96b7b64ea0>
    └ <WorkerThread(AnyIO worker thread, started 140285036197568)>
  File "/usr/lib64/python3.11/threading.py", line 1045, in _bootstrap_inner
    self.run()
    │    └ <function WorkerThread.run at 0x7f96a49fb100>
    └ <WorkerThread(AnyIO worker thread, started 140285036197568)>
  File "/home/cristhiand/Documentos/universidad/Integrador 1/Proyecto_Backent/.venv/lib/python3.11/site-packages/anyio/_backends/_asyncio.py", line 976, in run
    result = context.run(func, *args)
             │       │   │      └ ()
             │       │   └ functools.partial(<function read_empresa at 0x7f96a58e5440>, service=<modules.empresa.service.EmpresaService object at 0x7f96...
             │       └ <method 'run' of '_contextvars.Context' objects>
             └ <_contextvars.Context object at 0x7f96a49f7280>

> File "/home/cristhiand/Documentos/universidad/Integrador 1/Proyecto_Backent/modules/empresa/router.py", line 38, in read_empresa
    db_empresa = service.get_empresa(empresa_id=empresa_id)
                 │       │                      └ 2
                 │       └ <function EmpresaService.get_empresa at 0x7f96a58e4680>
                 └ <modules.empresa.service.EmpresaService object at 0x7f96a4566d10>

  File "/home/cristhiand/Documentos/universidad/Integrador 1/Proyecto_Backent/modules/empresa/service.py", line 22, in get_empresa
    db_empresa = self.repository.get_empresa(empresa_id=empresa_id)
                 │    │          │                      └ 2
                 │    │          └ <function EmpresaRepository.get_empresa at 0x7f96a58bfce0>
                 │    └ <modules.empresa.repository.EmpresaRepository object at 0x7f96a4566d50>
                 └ <modules.empresa.service.EmpresaService object at 0x7f96a4566d10>

  File "/home/cristhiand/Documentos/universidad/Integrador 1/Proyecto_Backent/modules/empresa/repository.py", line 12, in get_empresa
    return self.db.query(Empresa).filter(Empresa.id_empresa == empresa_id).first()
           │    │  │     │               │                     └ 2
           │    │  │     │               └ <class 'modules.empresa.schemas.Empresa'>
           │    │  │     └ <class 'modules.empresa.schemas.Empresa'>
           │    │  └ <function Session.query at 0x7f96a6041440>
           │    └ <sqlalchemy.orm.session.Session object at 0x7f96a4566c50>
           └ <modules.empresa.repository.EmpresaRepository object at 0x7f96a4566d50>

  File "/home/cristhiand/Documentos/universidad/Integrador 1/Proyecto_Backent/.venv/lib64/python3.11/site-packages/sqlalchemy/orm/session.py", line 2955, in query
    return self._query_cls(entities, self, **kwargs)
           │    │          │         │       └ {}
           │    │          │         └ <sqlalchemy.orm.session.Session object at 0x7f96a4566c50>
           │    │          └ (<class 'modules.empresa.schemas.Empresa'>,)
           │    └ <class 'sqlalchemy.orm.query.Query'>
           └ <sqlalchemy.orm.session.Session object at 0x7f96a4566c50>
  File "/home/cristhiand/Documentos/universidad/Integrador 1/Proyecto_Backent/.venv/lib64/python3.11/site-packages/sqlalchemy/orm/query.py", line 276, in __init__
    self._set_entities(entities)
    │    │             └ (<class 'modules.empresa.schemas.Empresa'>,)
    │    └ <function Query._set_entities at 0x7f96a615f2e0>
    └ <sqlalchemy.orm.query.Query object at 0x7f96a4504a10>
  File "/home/cristhiand/Documentos/universidad/Integrador 1/Proyecto_Backent/.venv/lib64/python3.11/site-packages/sqlalchemy/orm/query.py", line 288, in _set_entities
    self._raw_columns = [
    └ <sqlalchemy.orm.query.Query object at 0x7f96a4504a10>
  File "/home/cristhiand/Documentos/universidad/Integrador 1/Proyecto_Backent/.venv/lib64/python3.11/site-packages/sqlalchemy/orm/query.py", line 289, in <listcomp>
    coercions.expect(
    │         └ <function expect at 0x7f96a675c040>
    └ <module 'sqlalchemy.sql.coercions' from '/home/cristhiand/Documentos/universidad/Integrador 1/Proyecto_Backent/.venv/lib64/py...
  File "/home/cristhiand/Documentos/universidad/Integrador 1/Proyecto_Backent/.venv/lib64/python3.11/site-packages/sqlalchemy/sql/coercions.py", line 395, in expect
    resolved = impl._literal_coercion(
               │    └ <function _CoerceLiterals._literal_coercion at 0x7f96a675cb80>
               └ <sqlalchemy.sql.coercions.ColumnsClauseImpl object at 0x7f96a6760880>
  File "/home/cristhiand/Documentos/universidad/Integrador 1/Proyecto_Backent/.venv/lib64/python3.11/site-packages/sqlalchemy/sql/coercions.py", line 634, in _literal_coercion
    self._raise_for_expected(element, argname)
    │    │                   │        └ None
    │    │                   └ <class 'modules.empresa.schemas.Empresa'>
    │    └ <function ColumnsClauseImpl._raise_for_expected at 0x7f96a675e3e0>
    └ <sqlalchemy.sql.coercions.ColumnsClauseImpl object at 0x7f96a6760880>
  File "/home/cristhiand/Documentos/universidad/Integrador 1/Proyecto_Backent/.venv/lib64/python3.11/site-packages/sqlalchemy/sql/coercions.py", line 1132, in _raise_for_expected
    return super()._raise_for_expected(
  File "/home/cristhiand/Documentos/universidad/Integrador 1/Proyecto_Backent/.venv/lib64/python3.11/site-packages/sqlalchemy/sql/coercions.py", line 695, in _raise_for_expected
    super()._raise_for_expected(
  File "/home/cristhiand/Documentos/universidad/Integrador 1/Proyecto_Backent/.venv/lib64/python3.11/site-packages/sqlalchemy/sql/coercions.py", line 518, in _raise_for_expected
    raise exc.ArgumentError(msg, code=code) from err
          │   │             │         │          └ None
          │   │             │         └ None
          │   │             └ "Column expression, FROM clause, or other columns clause element expected, got <class 'modules.empresa.schemas.Empresa'>."
          │   └ <class 'sqlalchemy.exc.ArgumentError'>
          └ <module 'sqlalchemy.exc' from '/home/cristhiand/Documentos/universidad/Integrador 1/Proyecto_Backent/.venv/lib64/python3.11/s...

sqlalchemy.exc.ArgumentError: Column expression, FROM clause, or other columns clause element expected, got <class 'modules.empresa.schemas.Empresa'>.
2025-09-28 22:20:22 | ERROR    | modules.empresa.router:read_empresa:45 - Error 500: Column expression, FROM clause, or other columns clause element expected, got <class 'modules.empresa.schemas.Empresa'>.
Traceback (most recent call last):

  File "/opt/pycharm-community-2025.1.1.1/plugins/python-ce/helpers/pydev/_pydev_bundle/pydev_monkey.py", line 862, in __call__
    ret = self.original_func(*self.args, **self.kwargs)
          │    │              │    │       │    └ {}
          │    │              │    │       └ <_pydev_bundle.pydev_monkey._NewThreadStartupWithTrace object at 0x7f96a455a590>
          │    │              │    └ ()
          │    │              └ <_pydev_bundle.pydev_monkey._NewThreadStartupWithTrace object at 0x7f96a455a590>
          │    └ <bound method Thread._bootstrap of <WorkerThread(AnyIO worker thread, started 140285036197568)>>
          └ <_pydev_bundle.pydev_monkey._NewThreadStartupWithTrace object at 0x7f96a455a590>

  File "/usr/lib64/python3.11/threading.py", line 1002, in _bootstrap
    self._bootstrap_inner()
    │    └ <function Thread._bootstrap_inner at 0x7f96b7b64ea0>
    └ <WorkerThread(AnyIO worker thread, started 140285036197568)>
  File "/usr/lib64/python3.11/threading.py", line 1045, in _bootstrap_inner
    self.run()
    │    └ <function WorkerThread.run at 0x7f96a49fb100>
    └ <WorkerThread(AnyIO worker thread, started 140285036197568)>
  File "/home/cristhiand/Documentos/universidad/Integrador 1/Proyecto_Backent/.venv/lib/python3.11/site-packages/anyio/_backends/_asyncio.py", line 976, in run
    result = context.run(func, *args)
             │       │   │      └ ()
             │       │   └ functools.partial(<function read_empresa at 0x7f96a58e5440>, service=<modules.empresa.service.EmpresaService object at 0x7f96...
             │       └ <method 'run' of '_contextvars.Context' objects>
             └ <_contextvars.Context object at 0x7f96a455af00>

> File "/home/cristhiand/Documentos/universidad/Integrador 1/Proyecto_Backent/modules/empresa/router.py", line 38, in read_empresa
    db_empresa = service.get_empresa(empresa_id=empresa_id)
                 │       │                      └ 2
                 │       └ <function EmpresaService.get_empresa at 0x7f96a58e4680>
                 └ <modules.empresa.service.EmpresaService object at 0x7f96a455a250>

  File "/home/cristhiand/Documentos/universidad/Integrador 1/Proyecto_Backent/modules/empresa/service.py", line 22, in get_empresa
    db_empresa = self.repository.get_empresa(empresa_id=empresa_id)
                 │    │          │                      └ 2
                 │    │          └ <function EmpresaRepository.get_empresa at 0x7f96a58bfce0>
                 │    └ <modules.empresa.repository.EmpresaRepository object at 0x7f96a4558cd0>
                 └ <modules.empresa.service.EmpresaService object at 0x7f96a455a250>

  File "/home/cristhiand/Documentos/universidad/Integrador 1/Proyecto_Backent/modules/empresa/repository.py", line 12, in get_empresa
    return self.db.query(Empresa).filter(Empresa.id_empresa == empresa_id).first()
           │    │  │     │               │                     └ 2
           │    │  │     │               └ <class 'modules.empresa.schemas.Empresa'>
           │    │  │     └ <class 'modules.empresa.schemas.Empresa'>
           │    │  └ <function Session.query at 0x7f96a6041440>
           │    └ <sqlalchemy.orm.session.Session object at 0x7f96a45731d0>
           └ <modules.empresa.repository.EmpresaRepository object at 0x7f96a4558cd0>

  File "/home/cristhiand/Documentos/universidad/Integrador 1/Proyecto_Backent/.venv/lib64/python3.11/site-packages/sqlalchemy/orm/session.py", line 2955, in query
    return self._query_cls(entities, self, **kwargs)
           │    │          │         │       └ {}
           │    │          │         └ <sqlalchemy.orm.session.Session object at 0x7f96a45731d0>
           │    │          └ (<class 'modules.empresa.schemas.Empresa'>,)
           │    └ <class 'sqlalchemy.orm.query.Query'>
           └ <sqlalchemy.orm.session.Session object at 0x7f96a45731d0>
  File "/home/cristhiand/Documentos/universidad/Integrador 1/Proyecto_Backent/.venv/lib64/python3.11/site-packages/sqlalchemy/orm/query.py", line 276, in __init__
    self._set_entities(entities)
    │    │             └ (<class 'modules.empresa.schemas.Empresa'>,)
    │    └ <function Query._set_entities at 0x7f96a615f2e0>
    └ <sqlalchemy.orm.query.Query object at 0x7f96a455b550>
  File "/home/cristhiand/Documentos/universidad/Integrador 1/Proyecto_Backent/.venv/lib64/python3.11/site-packages/sqlalchemy/orm/query.py", line 288, in _set_entities
    self._raw_columns = [
    └ <sqlalchemy.orm.query.Query object at 0x7f96a455b550>
  File "/home/cristhiand/Documentos/universidad/Integrador 1/Proyecto_Backent/.venv/lib64/python3.11/site-packages/sqlalchemy/orm/query.py", line 289, in <listcomp>
    coercions.expect(
    │         └ <function expect at 0x7f96a675c040>
    └ <module 'sqlalchemy.sql.coercions' from '/home/cristhiand/Documentos/universidad/Integrador 1/Proyecto_Backent/.venv/lib64/py...
  File "/home/cristhiand/Documentos/universidad/Integrador 1/Proyecto_Backent/.venv/lib64/python3.11/site-packages/sqlalchemy/sql/coercions.py", line 395, in expect
    resolved = impl._literal_coercion(
               │    └ <function _CoerceLiterals._literal_coercion at 0x7f96a675cb80>
               └ <sqlalchemy.sql.coercions.ColumnsClauseImpl object at 0x7f96a6760880>
  File "/home/cristhiand/Documentos/universidad/Integrador 1/Proyecto_Backent/.venv/lib64/python3.11/site-packages/sqlalchemy/sql/coercions.py", line 634, in _literal_coercion
    self._raise_for_expected(element, argname)
    │    │                   │        └ None
    │    │                   └ <class 'modules.empresa.schemas.Empresa'>
    │    └ <function ColumnsClauseImpl._raise_for_expected at 0x7f96a675e3e0>
    └ <sqlalchemy.sql.coercions.ColumnsClauseImpl object at 0x7f96a6760880>
  File "/home/cristhiand/Documentos/universidad/Integrador 1/Proyecto_Backent/.venv/lib64/python3.11/site-packages/sqlalchemy/sql/coercions.py", line 1132, in _raise_for_expected
    return super()._raise_for_expected(
  File "/home/cristhiand/Documentos/universidad/Integrador 1/Proyecto_Backent/.venv/lib64/python3.11/site-packages/sqlalchemy/sql/coercions.py", line 695, in _raise_for_expected
    super()._raise_for_expected(
  File "/home/cristhiand/Documentos/universidad/Integrador 1/Proyecto_Backent/.venv/lib64/python3.11/site-packages/sqlalchemy/sql/coercions.py", line 518, in _raise_for_expected
    raise exc.ArgumentError(msg, code=code) from err
          │   │             │         │          └ None
          │   │             │         └ None
          │   │             └ "Column expression, FROM clause, or other columns clause element expected, got <class 'modules.empresa.schemas.Empresa'>."
          │   └ <class 'sqlalchemy.exc.ArgumentError'>
          └ <module 'sqlalchemy.exc' from '/home/cristhiand/Documentos/universidad/Integrador 1/Proyecto_Backent/.venv/lib64/python3.11/s...

sqlalchemy.exc.ArgumentError: Column expression, FROM clause, or other columns clause element expected, got <class 'modules.empresa.schemas.Empresa'>.
